0 info it worked if it ends with ok
1 verbose cli [ 'node',
1 verbose cli   '/usr/local/bin/npm',
1 verbose cli   'install',
1 verbose cli   'browserify',
1 verbose cli   'reactify',
1 verbose cli   'watchify',
1 verbose cli   'uglify-js',
1 verbose cli   'reactcd',
1 verbose cli   'cd' ]
2 info using npm@2.9.1
3 info using node@v0.12.3
4 verbose install initial load of /Users/semianchuk/ideaProject/first-webapp-react/package.json
5 verbose installManyTop reading scoped package data from /Users/semianchuk/ideaProject/first-webapp-react/node_modules/browserify/package.json
6 verbose installManyTop reading scoped package data from /Users/semianchuk/ideaProject/first-webapp-react/node_modules/express/package.json
7 verbose installManyTop reading scoped package data from /Users/semianchuk/ideaProject/first-webapp-react/node_modules/moment/package.json
8 verbose installManyTop reading scoped package data from /Users/semianchuk/ideaProject/first-webapp-react/node_modules/react/package.json
9 verbose installManyTop reading scoped package data from /Users/semianchuk/ideaProject/first-webapp-react/node_modules/reactify/package.json
10 verbose installManyTop reading scoped package data from /Users/semianchuk/ideaProject/first-webapp-react/node_modules/uglify-js/package.json
11 verbose installManyTop reading scoped package data from /Users/semianchuk/ideaProject/first-webapp-react/node_modules/watchify/package.json
12 verbose readDependencies loading dependencies from /Users/semianchuk/ideaProject/first-webapp-react/package.json
13 verbose install browserify is installed as 9.0.8
14 silly cache add args [ 'browserify', null ]
15 verbose cache add spec browserify
16 verbose install reactify is installed as 1.1.1
17 silly cache add args [ 'reactify', null ]
18 verbose cache add spec reactify
19 verbose install watchify is installed as 3.6.0
20 silly cache add args [ 'watchify', null ]
21 verbose cache add spec watchify
22 verbose install uglify-js is installed as 2.6.0
23 silly cache add args [ 'uglify-js', null ]
24 verbose cache add spec uglify-js
25 silly cache add args [ 'reactcd', null ]
26 verbose cache add spec reactcd
27 silly cache add args [ 'cd', null ]
28 verbose cache add spec cd
29 silly cache add parsed spec { raw: 'browserify',
29 silly cache add   scope: null,
29 silly cache add   name: 'browserify',
29 silly cache add   rawSpec: '',
29 silly cache add   spec: '*',
29 silly cache add   type: 'range' }
30 silly addNamed browserify@*
31 verbose addNamed "*" is a valid semver range for browserify
32 silly addNameRange { name: 'browserify', range: '*', hasData: false }
33 silly mapToRegistry name browserify
34 silly mapToRegistry using default registry
35 silly mapToRegistry registry https://registry.npmjs.org/
36 silly mapToRegistry uri https://registry.npmjs.org/browserify
37 verbose addNameRange registry:https://registry.npmjs.org/browserify not in flight; fetching
38 silly cache add parsed spec { raw: 'reactify',
38 silly cache add   scope: null,
38 silly cache add   name: 'reactify',
38 silly cache add   rawSpec: '',
38 silly cache add   spec: '*',
38 silly cache add   type: 'range' }
39 silly addNamed reactify@*
40 verbose addNamed "*" is a valid semver range for reactify
41 silly addNameRange { name: 'reactify', range: '*', hasData: false }
42 silly mapToRegistry name reactify
43 silly mapToRegistry using default registry
44 silly mapToRegistry registry https://registry.npmjs.org/
45 silly mapToRegistry uri https://registry.npmjs.org/reactify
46 verbose addNameRange registry:https://registry.npmjs.org/reactify not in flight; fetching
47 silly cache add parsed spec { raw: 'watchify',
47 silly cache add   scope: null,
47 silly cache add   name: 'watchify',
47 silly cache add   rawSpec: '',
47 silly cache add   spec: '*',
47 silly cache add   type: 'range' }
48 silly addNamed watchify@*
49 verbose addNamed "*" is a valid semver range for watchify
50 silly addNameRange { name: 'watchify', range: '*', hasData: false }
51 silly mapToRegistry name watchify
52 silly mapToRegistry using default registry
53 silly mapToRegistry registry https://registry.npmjs.org/
54 silly mapToRegistry uri https://registry.npmjs.org/watchify
55 verbose addNameRange registry:https://registry.npmjs.org/watchify not in flight; fetching
56 silly cache add parsed spec { raw: 'uglify-js',
56 silly cache add   scope: null,
56 silly cache add   name: 'uglify-js',
56 silly cache add   rawSpec: '',
56 silly cache add   spec: '*',
56 silly cache add   type: 'range' }
57 silly addNamed uglify-js@*
58 verbose addNamed "*" is a valid semver range for uglify-js
59 silly addNameRange { name: 'uglify-js', range: '*', hasData: false }
60 silly mapToRegistry name uglify-js
61 silly mapToRegistry using default registry
62 silly mapToRegistry registry https://registry.npmjs.org/
63 silly mapToRegistry uri https://registry.npmjs.org/uglify-js
64 verbose addNameRange registry:https://registry.npmjs.org/uglify-js not in flight; fetching
65 silly cache add parsed spec { raw: 'reactcd',
65 silly cache add   scope: null,
65 silly cache add   name: 'reactcd',
65 silly cache add   rawSpec: '',
65 silly cache add   spec: '*',
65 silly cache add   type: 'range' }
66 silly addNamed reactcd@*
67 verbose addNamed "*" is a valid semver range for reactcd
68 silly addNameRange { name: 'reactcd', range: '*', hasData: false }
69 silly mapToRegistry name reactcd
70 silly mapToRegistry using default registry
71 silly mapToRegistry registry https://registry.npmjs.org/
72 silly mapToRegistry uri https://registry.npmjs.org/reactcd
73 verbose addNameRange registry:https://registry.npmjs.org/reactcd not in flight; fetching
74 silly cache add parsed spec { raw: 'cd',
74 silly cache add   scope: null,
74 silly cache add   name: 'cd',
74 silly cache add   rawSpec: '',
74 silly cache add   spec: '*',
74 silly cache add   type: 'range' }
75 silly addNamed cd@*
76 verbose addNamed "*" is a valid semver range for cd
77 silly addNameRange { name: 'cd', range: '*', hasData: false }
78 silly mapToRegistry name cd
79 silly mapToRegistry using default registry
80 silly mapToRegistry registry https://registry.npmjs.org/
81 silly mapToRegistry uri https://registry.npmjs.org/cd
82 verbose addNameRange registry:https://registry.npmjs.org/cd not in flight; fetching
83 verbose request uri https://registry.npmjs.org/reactcd
84 verbose request no auth needed
85 info attempt registry request try #1 at 7:10:39 PM
86 verbose request id 242ec9e30f3c1da7
87 http request GET https://registry.npmjs.org/reactcd
88 verbose request uri https://registry.npmjs.org/cd
89 verbose request no auth needed
90 info attempt registry request try #1 at 7:10:39 PM
91 http request GET https://registry.npmjs.org/cd
92 verbose request uri https://registry.npmjs.org/watchify
93 verbose request no auth needed
94 info attempt registry request try #1 at 7:10:39 PM
95 verbose etag "8TUPIJJ9H9CJC7Z9RZHMTZGVI"
96 http request GET https://registry.npmjs.org/watchify
97 verbose request uri https://registry.npmjs.org/browserify
98 verbose request no auth needed
99 info attempt registry request try #1 at 7:10:39 PM
100 verbose etag "41JV5N0LG207SBMOX8RCRYK1D"
101 http request GET https://registry.npmjs.org/browserify
102 verbose request uri https://registry.npmjs.org/reactify
103 verbose request no auth needed
104 info attempt registry request try #1 at 7:10:39 PM
105 verbose etag "2L30PXWE5YY5WCCFMJ4I8QWBZ"
106 http request GET https://registry.npmjs.org/reactify
107 verbose request uri https://registry.npmjs.org/uglify-js
108 verbose request no auth needed
109 info attempt registry request try #1 at 7:10:39 PM
110 verbose etag "CGU8YH5ZSYD5LI7KDEZB8I82F"
111 http request GET https://registry.npmjs.org/uglify-js
112 http 304 https://registry.npmjs.org/uglify-js
113 silly get cb [ 304,
113 silly get   { date: 'Sun, 15 Nov 2015 17:10:36 GMT',
113 silly get     via: '1.1 varnish',
113 silly get     'cache-control': 'max-age=60',
113 silly get     etag: '"CGU8YH5ZSYD5LI7KDEZB8I82F"',
113 silly get     age: '51',
113 silly get     connection: 'keep-alive',
113 silly get     'x-served-by': 'cache-atl6223-ATL',
113 silly get     'x-cache': 'HIT',
113 silly get     'x-cache-hits': '1',
113 silly get     'x-timer': 'S1447607436.356392,VS0,VE0',
113 silly get     vary: 'Accept' } ]
114 verbose etag https://registry.npmjs.org/uglify-js from cache
115 verbose get saving uglify-js to /Users/semianchuk/.npm/registry.npmjs.org/uglify-js/.cache.json
116 silly addNameRange number 2 { name: 'uglify-js', range: '*', hasData: true }
117 silly addNameRange versions [ 'uglify-js',
117 silly addNameRange   [ '0.0.1',
117 silly addNameRange     '0.0.2',
117 silly addNameRange     '0.0.3',
117 silly addNameRange     '0.0.4',
117 silly addNameRange     '0.0.5',
117 silly addNameRange     '1.0.1',
117 silly addNameRange     '1.0.2',
117 silly addNameRange     '1.0.3',
117 silly addNameRange     '1.0.4',
117 silly addNameRange     '1.0.5',
117 silly addNameRange     '1.0.6',
117 silly addNameRange     '1.0.7',
117 silly addNameRange     '1.1.0',
117 silly addNameRange     '1.1.1',
117 silly addNameRange     '1.2.0',
117 silly addNameRange     '1.2.1',
117 silly addNameRange     '1.2.2',
117 silly addNameRange     '1.2.3',
117 silly addNameRange     '1.2.4',
117 silly addNameRange     '1.2.5',
117 silly addNameRange     '1.2.6',
117 silly addNameRange     '1.3.0',
117 silly addNameRange     '1.3.1',
117 silly addNameRange     '1.3.2',
117 silly addNameRange     '1.3.3',
117 silly addNameRange     '1.3.4',
117 silly addNameRange     '2.2.0',
117 silly addNameRange     '2.2.1',
117 silly addNameRange     '2.2.2',
117 silly addNameRange     '2.2.3',
117 silly addNameRange     '2.2.4',
117 silly addNameRange     '2.2.5',
117 silly addNameRange     '2.3.0',
117 silly addNameRange     '2.3.1',
117 silly addNameRange     '2.3.2',
117 silly addNameRange     '2.3.3',
117 silly addNameRange     '2.3.4',
117 silly addNameRange     '2.3.5',
117 silly addNameRange     '2.3.6',
117 silly addNameRange     '1.3.5',
117 silly addNameRange     '2.4.0',
117 silly addNameRange     '2.4.1',
117 silly addNameRange     '2.4.2',
117 silly addNameRange     '2.4.3',
117 silly addNameRange     '2.4.4',
117 silly addNameRange     '2.4.5',
117 silly addNameRange     '2.4.6',
117 silly addNameRange     '2.4.7',
117 silly addNameRange     '2.4.8',
117 silly addNameRange     '2.4.9',
117 silly addNameRange     '2.4.10',
117 silly addNameRange     '2.4.11',
117 silly addNameRange     '2.4.12',
117 silly addNameRange     '2.4.13',
117 silly addNameRange     '2.4.14',
117 silly addNameRange     '2.4.15',
117 silly addNameRange     '2.4.16',
117 silly addNameRange     '2.4.17',
117 silly addNameRange     '2.4.18',
117 silly addNameRange     '2.4.19',
117 silly addNameRange     '2.4.20',
117 silly addNameRange     '2.4.21',
117 silly addNameRange     '2.4.22',
117 silly addNameRange     '2.4.23',
117 silly addNameRange     '2.4.24',
117 silly addNameRange     '2.5.0',
117 silly addNameRange     '2.6.0' ] ]
118 silly addNamed uglify-js@2.6.0
119 verbose addNamed "2.6.0" is a plain semver version for uglify-js
120 silly cache afterAdd uglify-js@2.6.0
121 verbose afterAdd /Users/semianchuk/.npm/uglify-js/2.6.0/package/package.json not in flight; writing
122 verbose afterAdd /Users/semianchuk/.npm/uglify-js/2.6.0/package/package.json written
123 http 304 https://registry.npmjs.org/watchify
124 silly get cb [ 304,
124 silly get   { date: 'Sun, 15 Nov 2015 17:10:36 GMT',
124 silly get     via: '1.1 varnish',
124 silly get     'cache-control': 'max-age=60',
124 silly get     etag: '"8TUPIJJ9H9CJC7Z9RZHMTZGVI"',
124 silly get     age: '0',
124 silly get     connection: 'keep-alive',
124 silly get     'x-served-by': 'cache-atl6228-ATL',
124 silly get     'x-cache': 'HIT',
124 silly get     'x-cache-hits': '1',
124 silly get     'x-timer': 'S1447607436.350415,VS0,VE28',
124 silly get     vary: 'Accept' } ]
125 verbose etag https://registry.npmjs.org/watchify from cache
126 verbose get saving watchify to /Users/semianchuk/.npm/registry.npmjs.org/watchify/.cache.json
127 http 304 https://registry.npmjs.org/browserify
128 silly get cb [ 304,
128 silly get   { date: 'Sun, 15 Nov 2015 17:10:36 GMT',
128 silly get     via: '1.1 varnish',
128 silly get     'cache-control': 'max-age=60',
128 silly get     etag: '"41JV5N0LG207SBMOX8RCRYK1D"',
128 silly get     age: '0',
128 silly get     connection: 'keep-alive',
128 silly get     'x-served-by': 'cache-atl6229-ATL',
128 silly get     'x-cache': 'HIT',
128 silly get     'x-cache-hits': '1',
128 silly get     'x-timer': 'S1447607436.350419,VS0,VE30',
128 silly get     vary: 'Accept' } ]
129 verbose etag https://registry.npmjs.org/browserify from cache
130 verbose get saving browserify to /Users/semianchuk/.npm/registry.npmjs.org/browserify/.cache.json
131 silly addNameRange number 2 { name: 'watchify', range: '*', hasData: true }
132 silly addNameRange versions [ 'watchify',
132 silly addNameRange   [ '0.0.0',
132 silly addNameRange     '0.0.1',
132 silly addNameRange     '0.1.0',
132 silly addNameRange     '0.2.0',
132 silly addNameRange     '0.3.0',
132 silly addNameRange     '0.4.0',
132 silly addNameRange     '0.4.1',
132 silly addNameRange     '0.5.0',
132 silly addNameRange     '0.5.1',
132 silly addNameRange     '0.5.2',
132 silly addNameRange     '0.5.3',
132 silly addNameRange     '0.5.4',
132 silly addNameRange     '0.5.5',
132 silly addNameRange     '0.5.6',
132 silly addNameRange     '0.6.0',
132 silly addNameRange     '0.6.1',
132 silly addNameRange     '0.6.2',
132 silly addNameRange     '0.6.3',
132 silly addNameRange     '0.6.4',
132 silly addNameRange     '0.7.0',
132 silly addNameRange     '0.7.1',
132 silly addNameRange     '0.7.2',
132 silly addNameRange     '0.8.0',
132 silly addNameRange     '0.8.1',
132 silly addNameRange     '0.8.2',
132 silly addNameRange     '0.8.3',
132 silly addNameRange     '0.9.0',
132 silly addNameRange     '0.10.0',
132 silly addNameRange     '0.10.1',
132 silly addNameRange     '0.10.2',
132 silly addNameRange     '1.0.0',
132 silly addNameRange     '1.0.1',
132 silly addNameRange     '1.0.2',
132 silly addNameRange     '1.0.3',
132 silly addNameRange     '1.0.4',
132 silly addNameRange     '1.0.5',
132 silly addNameRange     '1.0.6',
132 silly addNameRange     '2.0.0',
132 silly addNameRange     '2.1.0',
132 silly addNameRange     '2.1.1',
132 silly addNameRange     '2.2.0',
132 silly addNameRange     '2.2.1',
132 silly addNameRange     '2.3.0',
132 silly addNameRange     '2.4.0',
132 silly addNameRange     '2.5.0',
132 silly addNameRange     '2.6.0',
132 silly addNameRange     '2.6.1',
132 silly addNameRange     '2.6.2',
132 silly addNameRange     '3.0.0',
132 silly addNameRange     '3.0.1',
132 silly addNameRange     '3.1.0',
132 silly addNameRange     '3.1.1',
132 silly addNameRange     '3.1.2',
132 silly addNameRange     '3.2.0',
132 silly addNameRange     '3.2.1',
132 silly addNameRange     '3.2.2',
132 silly addNameRange     '3.2.3',
132 silly addNameRange     '3.3.0',
132 silly addNameRange     '3.3.1',
132 silly addNameRange     '3.4.0',
132 silly addNameRange     '3.5.0',
132 silly addNameRange     '3.6.0' ] ]
133 silly addNamed watchify@3.6.0
134 verbose addNamed "3.6.0" is a plain semver version for watchify
135 silly addNameRange number 2 { name: 'browserify', range: '*', hasData: true }
136 silly addNameRange versions [ 'browserify',
136 silly addNameRange   [ '0.0.1',
136 silly addNameRange     '0.0.2',
136 silly addNameRange     '0.0.3',
136 silly addNameRange     '0.0.4',
136 silly addNameRange     '0.0.5',
136 silly addNameRange     '0.1.0',
136 silly addNameRange     '0.1.1',
136 silly addNameRange     '0.1.2',
136 silly addNameRange     '0.1.3',
136 silly addNameRange     '0.1.4',
136 silly addNameRange     '0.1.5',
136 silly addNameRange     '0.2.0',
136 silly addNameRange     '0.2.1',
136 silly addNameRange     '0.2.2',
136 silly addNameRange     '0.2.3',
136 silly addNameRange     '0.2.4',
136 silly addNameRange     '0.2.5',
136 silly addNameRange     '0.2.6',
136 silly addNameRange     '0.2.7',
136 silly addNameRange     '0.2.8',
136 silly addNameRange     '0.2.9',
136 silly addNameRange     '0.2.10',
136 silly addNameRange     '0.2.11',
136 silly addNameRange     '0.3.0',
136 silly addNameRange     '0.3.1',
136 silly addNameRange     '0.3.2',
136 silly addNameRange     '0.3.3',
136 silly addNameRange     '0.3.4',
136 silly addNameRange     '0.3.5',
136 silly addNameRange     '0.3.6',
136 silly addNameRange     '0.3.7',
136 silly addNameRange     '0.4.0',
136 silly addNameRange     '0.4.1',
136 silly addNameRange     '0.4.2',
136 silly addNameRange     '0.4.3',
136 silly addNameRange     '0.4.4',
136 silly addNameRange     '0.4.5',
136 silly addNameRange     '0.4.6',
136 silly addNameRange     '0.4.7',
136 silly addNameRange     '0.4.8',
136 silly addNameRange     '0.4.9',
136 silly addNameRange     '0.4.10',
136 silly addNameRange     '0.4.11',
136 silly addNameRange     '0.4.12',
136 silly addNameRange     '0.4.13',
136 silly addNameRange     '0.4.14',
136 silly addNameRange     '0.4.15',
136 silly addNameRange     '0.5.0',
136 silly addNameRange     '0.5.1',
136 silly addNameRange     '0.5.2',
136 silly addNameRange     '1.0.0',
136 silly addNameRange     '1.1.0',
136 silly addNameRange     '1.1.1',
136 silly addNameRange     '1.1.2',
136 silly addNameRange     '1.1.3',
136 silly addNameRange     '1.1.4',
136 silly addNameRange     '1.2.0',
136 silly addNameRange     '1.2.1',
136 silly addNameRange     '1.2.2',
136 silly addNameRange     '1.2.3',
136 silly addNameRange     '1.2.4',
136 silly addNameRange     '1.2.5',
136 silly addNameRange     '1.2.6',
136 silly addNameRange     '1.2.7',
136 silly addNameRange     '1.2.8',
136 silly addNameRange     '1.2.9',
136 silly addNameRange     '1.3.0',
136 silly addNameRange     '1.4.0',
136 silly addNameRange     '1.4.1',
136 silly addNameRange     '1.4.2',
136 silly addNameRange     '1.4.3',
136 silly addNameRange     '1.4.4',
136 silly addNameRange     '1.4.5',
136 silly addNameRange     '1.4.6',
136 silly addNameRange     '1.4.7',
136 silly addNameRange     '1.4.8',
136 silly addNameRange     '1.5.0',
136 silly addNameRange     '1.6.0',
136 silly addNameRange     '1.6.1',
136 silly addNameRange     '1.7.0',
136 silly addNameRange     '1.7.1',
136 silly addNameRange     '1.7.2',
136 silly addNameRange     '1.7.3',
136 silly addNameRange     '1.7.4',
136 silly addNameRange     '1.7.5',
136 silly addNameRange     '1.7.6',
136 silly addNameRange     '1.7.7',
136 silly addNameRange     '1.8.0',
136 silly addNameRange     '1.8.1',
136 silly addNameRange     '1.8.2',
136 silly addNameRange     '1.8.3',
136 silly addNameRange     '1.9.0',
136 silly addNameRange     '1.9.1',
136 silly addNameRange     '1.9.2',
136 silly addNameRange     '1.9.3',
136 silly addNameRange     '1.9.4',
136 silly addNameRange     '1.10.0',
136 silly addNameRange     '1.10.1',
136 silly addNameRange     '1.10.2',
136 silly addNameRange     '1.10.3',
136 silly addNameRange     '1.10.4',
136 silly addNameRange     '1.10.5',
136 silly addNameRange     '1.10.6',
136 silly addNameRange     '1.10.7',
136 silly addNameRange     '1.10.8',
136 silly addNameRange     '1.10.9',
136 silly addNameRange     '1.10.11',
136 silly addNameRange     '1.10.12',
136 silly addNameRange     '1.10.13',
136 silly addNameRange     '1.10.14',
136 silly addNameRange     '1.10.15',
136 silly addNameRange     '1.10.16',
136 silly addNameRange     '1.10.17',
136 silly addNameRange     '1.11.0',
136 silly addNameRange     '1.11.1',
136 silly addNameRange     '1.12.0',
136 silly addNameRange     '1.12.1',
136 silly addNameRange     '1.12.2',
136 silly addNameRange     '1.12.3',
136 silly addNameRange     '1.13.0',
136 silly addNameRange     '1.13.1',
136 silly addNameRange     '1.13.2',
136 silly addNameRange     '1.13.3',
136 silly addNameRange     '1.13.4',
136 silly addNameRange     '1.13.5',
136 silly addNameRange     '1.13.6',
136 silly addNameRange     '1.13.8',
136 silly addNameRange     '1.13.9',
136 silly addNameRange     '1.13.10',
136 silly addNameRange     '1.14.0',
136 silly addNameRange     '1.14.1',
136 silly addNameRange     '1.14.2',
136 silly addNameRange     '1.14.3',
136 silly addNameRange     '1.14.4',
136 silly addNameRange     '1.14.5',
136 silly addNameRange     '1.15.0',
136 silly addNameRange     '1.15.1',
136 silly addNameRange     '1.15.2',
136 silly addNameRange     '1.15.3',
136 silly addNameRange     '1.15.4',
136 silly addNameRange     '1.15.5',
136 silly addNameRange     '1.15.6',
136 silly addNameRange     '1.16.0',
136 silly addNameRange     '1.16.1',
136 silly addNameRange     '1.16.2',
136 silly addNameRange     '1.16.3',
136 silly addNameRange     '1.16.4',
136 silly addNameRange     '1.16.5',
136 silly addNameRange     '1.16.6',
136 silly addNameRange     '1.16.7',
136 silly addNameRange     '1.16.8',
136 silly addNameRange     '1.17.0',
136 silly addNameRange     '1.17.1',
136 silly addNameRange     '1.17.2',
136 silly addNameRange     '1.17.3',
136 silly addNameRange     '1.18.0',
136 silly addNameRange     '2.0.0',
136 silly addNameRange     '2.0.1',
136 silly addNameRange     '2.1.0',
136 silly addNameRange     '2.2.0',
136 silly addNameRange     '2.2.1',
136 silly addNameRange     '2.2.2',
136 silly addNameRange     '2.2.3',
136 silly addNameRange     '2.2.4',
136 silly addNameRange     '2.2.5',
136 silly addNameRange     '2.2.6',
136 silly addNameRange     '2.3.0',
136 silly addNameRange     '2.3.1',
136 silly addNameRange     '2.4.0',
136 silly addNameRange     '2.4.1',
136 silly addNameRange     '2.4.2',
136 silly addNameRange     '2.4.3',
136 silly addNameRange     '2.5.0',
136 silly addNameRange     '2.5.1',
136 silly addNameRange     '2.6.0',
136 silly addNameRange     '2.6.1',
136 silly addNameRange     '2.7.0',
136 silly addNameRange     '2.7.1',
136 silly addNameRange     '2.7.2',
136 silly addNameRange     '2.7.3',
136 silly addNameRange     '2.7.4',
136 silly addNameRange     '2.8.0',
136 silly addNameRange     '2.8.1',
136 silly addNameRange     '2.9.0',
136 silly addNameRange     '2.10.0',
136 silly addNameRange     '2.10.1',
136 silly addNameRange     '2.10.2',
136 silly addNameRange     '2.11.0',
136 silly addNameRange     '2.12.0',
136 silly addNameRange     '2.12.1',
136 silly addNameRange     '2.12.2',
136 silly addNameRange     '2.12.3',
136 silly addNameRange     '2.12.4',
136 silly addNameRange     '2.12.5',
136 silly addNameRange     '2.13.0',
136 silly addNameRange     '2.13.1',
136 silly addNameRange     '2.13.2',
136 silly addNameRange     '2.13.3',
136 silly addNameRange     '2.14.0',
136 silly addNameRange     '2.14.1',
136 silly addNameRange     '2.14.2',
136 silly addNameRange     '2.15.0',
136 silly addNameRange     '2.16.0',
136 silly addNameRange     '2.17.0',
136 silly addNameRange     '2.17.1',
136 silly addNameRange     '2.17.2',
136 silly addNameRange     '2.17.3',
136 silly addNameRange     '2.17.4',
136 silly addNameRange     '2.18.0',
136 silly addNameRange     '2.18.1',
136 silly addNameRange     '2.19.0',
136 silly addNameRange     '2.20.0',
136 silly addNameRange     '2.20.1',
136 silly addNameRange     '2.20.2',
136 silly addNameRange     '2.21.0',
136 silly addNameRange     '2.22.0',
136 silly addNameRange     '2.23.0',
136 silly addNameRange     '2.23.1',
136 silly addNameRange     '2.24.0',
136 silly addNameRange     '2.24.1',
136 silly addNameRange     '2.24.2',
136 silly addNameRange     '2.24.3',
136 silly addNameRange     '2.25.0',
136 silly addNameRange     '2.25.1',
136 silly addNameRange     '2.26.0',
136 silly addNameRange     '2.27.0',
136 silly addNameRange     '2.27.1',
136 silly addNameRange     '2.28.0',
136 silly addNameRange     '2.29.0',
136 silly addNameRange     '2.29.1',
136 silly addNameRange     '2.30.0',
136 silly addNameRange     '2.31.0',
136 silly addNameRange     '2.32.0',
136 silly addNameRange     '2.32.1',
136 silly addNameRange     '2.32.2',
136 silly addNameRange     '2.32.3',
136 silly addNameRange     '2.32.4',
136 silly addNameRange     '2.33.0',
136 silly addNameRange     '2.33.1',
136 silly addNameRange     '2.34.0',
136 silly addNameRange     '2.34.1',
136 silly addNameRange     '2.34.2',
136 silly addNameRange     '2.34.3',
136 silly addNameRange     '2.35.0',
136 silly addNameRange     '2.35.1',
136 silly addNameRange     '2.35.2',
136 silly addNameRange     '2.35.3',
136 silly addNameRange     '2.35.4',
136 silly addNameRange     '2.36.0',
136 silly addNameRange     '2.36.1',
136 silly addNameRange     '3.0.0',
136 silly addNameRange     '3.1.0',
136 silly addNameRange     '3.1.1',
136 silly addNameRange     '3.1.2',
136 silly addNameRange     '3.1.3',
136 silly addNameRange     '3.2.0',
136 silly addNameRange     '3.2.1',
136 silly addNameRange     '3.2.2',
136 silly addNameRange     '3.3.0',
136 silly addNameRange     '3.4.0',
136 silly addNameRange     '3.4.1',
136 silly addNameRange     '3.5.0',
136 silly addNameRange     '3.6.0',
136 silly addNameRange     '3.7.0',
136 silly addNameRange     '3.8.0',
136 silly addNameRange     '3.8.1',
136 silly addNameRange     '3.9.0',
136 silly addNameRange     '3.9.1',
136 silly addNameRange     '3.10.0',
136 silly addNameRange     '3.11.0',
136 silly addNameRange     '3.11.1',
136 silly addNameRange     '3.12.0',
136 silly addNameRange     '3.13.0',
136 silly addNameRange     '3.14.0',
136 silly addNameRange     '3.14.1',
136 silly addNameRange     '3.16.0',
136 silly addNameRange     '3.16.1',
136 silly addNameRange     '3.17.0',
136 silly addNameRange     '3.18.0',
136 silly addNameRange     '3.19.0',
136 silly addNameRange     '3.19.1',
136 silly addNameRange     '3.20.0',
136 silly addNameRange     '3.20.1',
136 silly addNameRange     '3.20.2',
136 silly addNameRange     '3.21.0',
136 silly addNameRange     '3.21.1',
136 silly addNameRange     '3.22.0',
136 silly addNameRange     '3.22.1',
136 silly addNameRange     '3.23.0',
136 silly addNameRange     '3.23.1',
136 silly addNameRange     '3.24.0',
136 silly addNameRange     '3.24.1',
136 silly addNameRange     '3.24.2',
136 silly addNameRange     '3.24.3',
136 silly addNameRange     '3.24.4',
136 silly addNameRange     '3.24.5',
136 silly addNameRange     '3.24.6',
136 silly addNameRange     '3.24.7',
136 silly addNameRange     '3.24.8',
136 silly addNameRange     '3.24.9',
136 silly addNameRange     '3.24.10',
136 silly addNameRange     '3.24.11',
136 silly addNameRange     '3.24.13',
136 silly addNameRange     '3.25.0',
136 silly addNameRange     '3.25.1',
136 silly addNameRange     '3.25.2',
136 silly addNameRange     '3.26.0',
136 silly addNameRange     '3.27.0',
136 silly addNameRange     '3.27.1',
136 silly addNameRange     '3.28.0',
136 silly addNameRange     '3.28.1',
136 silly addNameRange     '3.28.2',
136 silly addNameRange     '3.29.0',
136 silly addNameRange     '3.29.1',
136 silly addNameRange     '3.30.0',
136 silly addNameRange     '3.30.1',
136 silly addNameRange     '3.30.2',
136 silly addNameRange     '3.30.3',
136 silly addNameRange     '3.30.4',
136 silly addNameRange     '3.31.0',
136 silly addNameRange     '3.31.1',
136 silly addNameRange     '3.31.2',
136 silly addNameRange     '3.32.0',
136 silly addNameRange     '3.32.1',
136 silly addNameRange     '3.33.0',
136 silly addNameRange     '3.33.1',
136 silly addNameRange     '3.34.0',
136 silly addNameRange     '3.35.0',
136 silly addNameRange     '3.36.0',
136 silly addNameRange     '3.36.1',
136 silly addNameRange     '3.37.0',
136 silly addNameRange     '3.37.1',
136 silly addNameRange     '3.37.2',
136 silly addNameRange     '3.38.0',
136 silly addNameRange     '3.38.1',
136 silly addNameRange     '3.39.0',
136 silly addNameRange     '3.40.0',
136 silly addNameRange     '3.40.1',
136 silly addNameRange     '3.40.2',
136 silly addNameRange     '3.40.3',
136 silly addNameRange     '3.40.4',
136 silly addNameRange     '3.41.0',
136 silly addNameRange     '3.42.0',
136 silly addNameRange     '3.43.0',
136 silly addNameRange     '3.44.0',
136 silly addNameRange     '3.44.1',
136 silly addNameRange     '3.44.2',
136 silly addNameRange     '3.45.0',
136 silly addNameRange     '3.46.0',
136 silly addNameRange     '3.46.1',
136 silly addNameRange     '4.0.0',
136 silly addNameRange     '4.1.0',
136 silly addNameRange     '4.1.1',
136 silly addNameRange     '4.1.2',
136 silly addNameRange     '4.1.3',
136 silly addNameRange     '4.1.4',
136 silly addNameRange     '4.1.5',
136 silly addNameRange     '4.1.6',
136 silly addNameRange     '4.1.7',
136 silly addNameRange     '4.1.8',
136 silly addNameRange     '4.1.9',
136 silly addNameRange     '4.1.10',
136 silly addNameRange     '4.1.11',
136 silly addNameRange     '4.2.0',
136 silly addNameRange     '4.2.1',
136 silly addNameRange     '4.2.2',
136 silly addNameRange     '4.2.3',
136 silly addNameRange     '5.0.0',
136 silly addNameRange     '5.0.1',
136 silly addNameRange     '5.0.2',
136 silly addNameRange     '5.0.3',
136 silly addNameRange     '5.0.4',
136 silly addNameRange     '5.0.5',
136 silly addNameRange     '5.0.6',
136 silly addNameRange     '5.0.7',
136 silly addNameRange     '5.0.8',
136 silly addNameRange     '5.1.0',
136 silly addNameRange     '5.1.1',
136 silly addNameRange     '5.2.0',
136 silly addNameRange     '5.2.1',
136 silly addNameRange     '5.3.0',
136 silly addNameRange     '5.4.0',
136 silly addNameRange     '5.4.1',
136 silly addNameRange     '5.4.2',
136 silly addNameRange     '5.5.0',
136 silly addNameRange     '5.6.0',
136 silly addNameRange     '5.6.1',
136 silly addNameRange     '5.7.0',
136 silly addNameRange     '5.8.0',
136 silly addNameRange     '5.9.0',
136 silly addNameRange     '5.9.1',
136 silly addNameRange     '5.9.2',
136 silly addNameRange     '5.9.3',
136 silly addNameRange     '5.10.0',
136 silly addNameRange     '5.10.1',
136 silly addNameRange     '5.11.0',
136 silly addNameRange     '5.11.1',
136 silly addNameRange     '5.11.2',
136 silly addNameRange     '5.12.0',
136 silly addNameRange     '5.12.1',
136 silly addNameRange     '5.12.2',
136 silly addNameRange     '5.13.0',
136 silly addNameRange     '5.13.1',
136 silly addNameRange     '6.0.0',
136 silly addNameRange     '6.0.1',
136 silly addNameRange     '6.0.2',
136 silly addNameRange     '6.0.3',
136 silly addNameRange     '6.1.0',
136 silly addNameRange     '6.1.1',
136 silly addNameRange     '6.1.2',
136 silly addNameRange     '6.2.0',
136 silly addNameRange     '6.3.0',
136 silly addNameRange     '6.3.1',
136 silly addNameRange     '6.3.2',
136 silly addNameRange     '6.3.3',
136 silly addNameRange     '6.3.4',
136 silly addNameRange     '7.0.0',
136 silly addNameRange     '7.0.1',
136 silly addNameRange     '7.0.2',
136 silly addNameRange     '7.0.3',
136 silly addNameRange     '7.1.0',
136 silly addNameRange     '8.0.0',
136 silly addNameRange     '8.0.1',
136 silly addNameRange     '8.0.2',
136 silly addNameRange     '8.0.3',
136 silly addNameRange     '8.1.0',
136 silly addNameRange     '8.1.1',
136 silly addNameRange     '8.1.2',
136 silly addNameRange     '8.1.3',
136 silly addNameRange     '9.0.0',
136 silly addNameRange     '9.0.1',
136 silly addNameRange     '9.0.2',
136 silly addNameRange     '9.0.3',
136 silly addNameRange     '9.0.4',
136 silly addNameRange     '9.0.5',
136 silly addNameRange     '9.0.6',
136 silly addNameRange     '9.0.7',
136 silly addNameRange     '9.0.8',
136 silly addNameRange     '10.0.0',
136 silly addNameRange     '10.1.0',
136 silly addNameRange     '10.1.1',
136 silly addNameRange     '10.1.2',
136 silly addNameRange     '10.1.3',
136 silly addNameRange     '10.2.0',
136 silly addNameRange     '10.2.1',
136 silly addNameRange     '10.2.3',
136 silly addNameRange     '10.2.4',
136 silly addNameRange     '10.2.5',
136 silly addNameRange     '10.2.6',
136 silly addNameRange     '11.0.0',
136 silly addNameRange     '11.0.1',
136 silly addNameRange     '11.1.0',
136 silly addNameRange     '11.2.0',
136 silly addNameRange     '12.0.0',
136 silly addNameRange     '12.0.1' ] ]
137 silly addNamed browserify@12.0.1
138 verbose addNamed "12.0.1" is a plain semver version for browserify
139 silly cache afterAdd watchify@3.6.0
140 verbose afterAdd /Users/semianchuk/.npm/watchify/3.6.0/package/package.json not in flight; writing
141 silly cache afterAdd browserify@12.0.1
142 verbose afterAdd /Users/semianchuk/.npm/browserify/12.0.1/package/package.json not in flight; writing
143 verbose afterAdd /Users/semianchuk/.npm/watchify/3.6.0/package/package.json written
144 verbose afterAdd /Users/semianchuk/.npm/browserify/12.0.1/package/package.json written
145 http 304 https://registry.npmjs.org/reactify
146 silly get cb [ 304,
146 silly get   { date: 'Sun, 15 Nov 2015 17:10:36 GMT',
146 silly get     via: '1.1 varnish',
146 silly get     'cache-control': 'max-age=60',
146 silly get     etag: '"2L30PXWE5YY5WCCFMJ4I8QWBZ"',
146 silly get     age: '0',
146 silly get     connection: 'keep-alive',
146 silly get     'x-served-by': 'cache-atl6232-ATL',
146 silly get     'x-cache': 'HIT',
146 silly get     'x-cache-hits': '1',
146 silly get     'x-timer': 'S1447607436.361560,VS0,VE88',
146 silly get     vary: 'Accept' } ]
147 verbose etag https://registry.npmjs.org/reactify from cache
148 verbose get saving reactify to /Users/semianchuk/.npm/registry.npmjs.org/reactify/.cache.json
149 silly addNameRange number 2 { name: 'reactify', range: '*', hasData: true }
150 silly addNameRange versions [ 'reactify',
150 silly addNameRange   [ '0.1.0',
150 silly addNameRange     '0.1.1',
150 silly addNameRange     '0.1.2',
150 silly addNameRange     '0.1.3',
150 silly addNameRange     '0.1.4',
150 silly addNameRange     '0.2.0',
150 silly addNameRange     '0.2.1',
150 silly addNameRange     '0.2.2',
150 silly addNameRange     '0.3.0',
150 silly addNameRange     '0.3.1',
150 silly addNameRange     '0.3.2',
150 silly addNameRange     '0.4.0',
150 silly addNameRange     '0.5.0',
150 silly addNameRange     '0.5.1',
150 silly addNameRange     '0.6.0',
150 silly addNameRange     '0.6.1',
150 silly addNameRange     '0.7.0',
150 silly addNameRange     '0.8.0',
150 silly addNameRange     '0.8.1',
150 silly addNameRange     '0.9.0',
150 silly addNameRange     '0.9.1',
150 silly addNameRange     '0.10.0',
150 silly addNameRange     '0.11.0',
150 silly addNameRange     '0.12.0',
150 silly addNameRange     '0.13.0',
150 silly addNameRange     '0.13.1',
150 silly addNameRange     '0.14.0',
150 silly addNameRange     '0.15.0',
150 silly addNameRange     '0.15.1',
150 silly addNameRange     '0.14.1',
150 silly addNameRange     '0.8.2',
150 silly addNameRange     '0.9.2',
150 silly addNameRange     '0.10.1',
150 silly addNameRange     '0.11.1',
150 silly addNameRange     '0.13.2',
150 silly addNameRange     '0.12.1',
150 silly addNameRange     '0.15.2',
150 silly addNameRange     '0.16.0',
150 silly addNameRange     '0.17.0',
150 silly addNameRange     '0.17.1',
150 silly addNameRange     '1.0.0',
150 silly addNameRange     '1.1.0',
150 silly addNameRange     '1.1.1' ] ]
151 silly addNamed reactify@1.1.1
152 verbose addNamed "1.1.1" is a plain semver version for reactify
153 silly cache afterAdd reactify@1.1.1
154 verbose afterAdd /Users/semianchuk/.npm/reactify/1.1.1/package/package.json not in flight; writing
155 verbose afterAdd /Users/semianchuk/.npm/reactify/1.1.1/package/package.json written
156 http 404 https://registry.npmjs.org/reactcd
157 verbose headers { 'content-type': 'application/json',
157 verbose headers   'cache-control': 'max-age=0',
157 verbose headers   'content-length': '2',
157 verbose headers   'accept-ranges': 'bytes',
157 verbose headers   date: 'Sun, 15 Nov 2015 17:10:36 GMT',
157 verbose headers   via: '1.1 varnish',
157 verbose headers   age: '0',
157 verbose headers   connection: 'keep-alive',
157 verbose headers   'x-served-by': 'cache-atl6227-ATL',
157 verbose headers   'x-cache': 'MISS',
157 verbose headers   'x-cache-hits': '0',
157 verbose headers   'x-timer': 'S1447607436.354467,VS0,VE114' }
158 silly get cb [ 404,
158 silly get   { 'content-type': 'application/json',
158 silly get     'cache-control': 'max-age=0',
158 silly get     'content-length': '2',
158 silly get     'accept-ranges': 'bytes',
158 silly get     date: 'Sun, 15 Nov 2015 17:10:36 GMT',
158 silly get     via: '1.1 varnish',
158 silly get     age: '0',
158 silly get     connection: 'keep-alive',
158 silly get     'x-served-by': 'cache-atl6227-ATL',
158 silly get     'x-cache': 'MISS',
158 silly get     'x-cache-hits': '0',
158 silly get     'x-timer': 'S1447607436.354467,VS0,VE114' } ]
159 http 200 https://registry.npmjs.org/cd
160 silly get cb [ 200,
160 silly get   { server: 'CouchDB/1.5.0 (Erlang OTP/R16B03)',
160 silly get     etag: '"42CM4KH8EINZXPMLTFDB07ROH"',
160 silly get     'content-type': 'application/json',
160 silly get     'cache-control': 'max-age=60',
160 silly get     'content-length': '21538',
160 silly get     'accept-ranges': 'bytes',
160 silly get     date: 'Sun, 15 Nov 2015 17:10:36 GMT',
160 silly get     via: '1.1 varnish',
160 silly get     age: '0',
160 silly get     connection: 'keep-alive',
160 silly get     'x-served-by': 'cache-atl6235-ATL',
160 silly get     'x-cache': 'MISS',
160 silly get     'x-cache-hits': '0',
160 silly get     'x-timer': 'S1447607436.352051,VS0,VE166',
160 silly get     vary: 'Accept' } ]
161 verbose get saving cd to /Users/semianchuk/.npm/registry.npmjs.org/cd/.cache.json
162 silly addNameRange number 2 { name: 'cd', range: '*', hasData: true }
163 silly addNameRange versions [ 'cd',
163 silly addNameRange   [ '0.0.1',
163 silly addNameRange     '0.0.2',
163 silly addNameRange     '0.1.0',
163 silly addNameRange     '0.1.1',
163 silly addNameRange     '0.1.2',
163 silly addNameRange     '0.1.3',
163 silly addNameRange     '0.2.0',
163 silly addNameRange     '0.2.2',
163 silly addNameRange     '0.3.0',
163 silly addNameRange     '0.3.1',
163 silly addNameRange     '0.3.2',
163 silly addNameRange     '0.3.3' ] ]
164 silly addNamed cd@0.3.3
165 verbose addNamed "0.3.3" is a plain semver version for cd
166 silly mapToRegistry name cd
167 silly mapToRegistry using default registry
168 silly mapToRegistry registry https://registry.npmjs.org/
169 silly mapToRegistry uri https://registry.npmjs.org/cd
170 verbose addRemoteTarball https://registry.npmjs.org/cd/-/cd-0.3.3.tgz not in flight; adding
171 verbose addRemoteTarball [ 'https://registry.npmjs.org/cd/-/cd-0.3.3.tgz',
171 verbose addRemoteTarball   '108ecb57bff93b96b9115c54573cfef3008ef94d' ]
172 info retry fetch attempt 1 at 7:10:40 PM
173 info attempt registry request try #1 at 7:10:40 PM
174 http fetch GET https://registry.npmjs.org/cd/-/cd-0.3.3.tgz
175 http fetch 200 https://registry.npmjs.org/cd/-/cd-0.3.3.tgz
176 silly fetchAndShaCheck shasum 108ecb57bff93b96b9115c54573cfef3008ef94d
177 verbose addTmpTarball /var/folders/71/9v1cb0rs2tn014rht908f5xr0000gn/T/npm-52816-9dbc1789/registry.npmjs.org/cd/-/cd-0.3.3.tgz not in flight; adding
178 verbose addTmpTarball already have metadata; skipping unpack for cd@0.3.3
179 silly cache afterAdd cd@0.3.3
180 verbose afterAdd /Users/semianchuk/.npm/cd/0.3.3/package/package.json not in flight; writing
181 verbose afterAdd /Users/semianchuk/.npm/cd/0.3.3/package/package.json written
182 verbose stack Error: Registry returned 404 for GET on https://registry.npmjs.org/reactcd
182 verbose stack     at CachingRegistryClient.<anonymous> (/usr/local/lib/node_modules/npm/node_modules/npm-registry-client/lib/request.js:239:14)
182 verbose stack     at Request._callback (/usr/local/lib/node_modules/npm/node_modules/npm-registry-client/lib/request.js:170:14)
182 verbose stack     at Request.self.callback (/usr/local/lib/node_modules/npm/node_modules/request/request.js:368:22)
182 verbose stack     at Request.emit (events.js:110:17)
182 verbose stack     at Request.<anonymous> (/usr/local/lib/node_modules/npm/node_modules/request/request.js:1219:14)
182 verbose stack     at Request.emit (events.js:129:20)
182 verbose stack     at IncomingMessage.<anonymous> (/usr/local/lib/node_modules/npm/node_modules/request/request.js:1167:12)
182 verbose stack     at IncomingMessage.emit (events.js:129:20)
182 verbose stack     at _stream_readable.js:908:16
182 verbose stack     at process._tickCallback (node.js:355:11)
183 verbose statusCode 404
184 verbose pkgid reactcd
185 verbose cwd /Users/semianchuk/ideaProject/first-webapp-react
186 error Darwin 15.0.0
187 error argv "node" "/usr/local/bin/npm" "install" "browserify" "reactify" "watchify" "uglify-js" "reactcd" "cd"
188 error node v0.12.3
189 error npm  v2.9.1
190 error code E404
191 error 404 Registry returned 404 for GET on https://registry.npmjs.org/reactcd
191 error 404
191 error 404 'reactcd' is not in the npm registry.
191 error 404 You should bug the author to publish it (or use the name yourself!)
191 error 404 It was specified as a dependency of 'first-webapp-react'
191 error 404
191 error 404 Note that you can also install from a
191 error 404 tarball, folder, http url, or git url.
192 verbose exit [ 1, true ]
